<?xml version="1.0" encoding="UTF-8"?>
<testsuite xmlns:xsi="http://www.w3.org/2001/XMLSchema-instance" xsi:noNamespaceSchemaLocation="https://maven.apache.org/surefire/maven-surefire-plugin/xsd/surefire-test-report-3.0.xsd" version="3.0" name="com.monim.financeflow_api.FinanceflowApiApplicationTests" time="3.551" tests="1" errors="0" skipped="0" failures="0">
  <properties>
[...]
</properties>
  <testcase name="contextLoads" classname="com.monim.financeflow_api.FinanceflowApiApplicationTests" time="0.887">
    <system-out><![CDATA[02:16:50.693 [main] INFO org.springframework.test.context.support.AnnotationConfigContextLoaderUtils -- Could not detect default configuration classes for test class [com.monim.financeflow_api.FinanceflowApiApplicationTests]: FinanceflowApiApplicationTests does not declare any static, non-private, non-final, nested classes annotated with @Configuration.
02:16:50.828 [main] INFO org.springframework.boot.test.context.SpringBootTestContextBootstrapper -- Found @SpringBootConfiguration com.monim.financeflow_api.FinanceflowApiApplication for test class com.monim.financeflow_api.FinanceflowApiApplicationTests
02:16:50.989 [main] INFO org.springframework.boot.devtools.restart.RestartApplicationListener -- Restart disabled due to context in which it is running

  .   ____          _            __ _ _
 /\\ / ___'_ __ _ _(_)_ __  __ _ \ \ \ \
( ( )\___ | '_ | '_| | '_ \/ _` | \ \ \ \
 \\/  ___)| |_)| | | | | || (_| |  ) ) ) )
  '  |____| .__|_| |_|_| |_\__, | / / / /
 =========|_|==============|___/=/_/_/_/
 :: Spring Boot ::                (v3.2.0)

2023-12-11T02:16:51.233+06:00  INFO 9828 --- [           main] c.m.f.FinanceflowApiApplicationTests     : Starting FinanceflowApiApplicationTests using Java 21.0.1 with PID 9828 (started by user in E:\Developing\Spring Boot\financeflow_api)
2023-12-11T02:16:51.233+06:00  INFO 9828 --- [           main] c.m.f.FinanceflowApiApplicationTests     : No active profile set, falling back to 1 default profile: "default"
2023-12-11T02:16:51.720+06:00  INFO 9828 --- [           main] .s.d.r.c.RepositoryConfigurationDelegate : Bootstrapping Spring Data MongoDB repositories in DEFAULT mode.
2023-12-11T02:16:51.780+06:00  INFO 9828 --- [           main] .s.d.r.c.RepositoryConfigurationDelegate : Finished Spring Data repository scanning in 53 ms. Found 1 MongoDB repository interface.
2023-12-11T02:16:52.204+06:00  INFO 9828 --- [           main] org.mongodb.driver.client                : MongoClient with metadata {"driver": {"name": "mongo-java-driver|sync|spring-boot", "version": "4.11.1"}, "os": {"type": "Windows", "name": "Windows 11", "architecture": "amd64", "version": "10.0"}, "platform": "Java/Oracle Corporation/21.0.1+12-LTS-29"} created with settings MongoClientSettings{readPreference=primary, writeConcern=WriteConcern{w=majority, wTimeout=null ms, journal=null}, retryWrites=true, retryReads=true, readConcern=ReadConcern{level=null}, credential=MongoCredential{mechanism=null, userName='Muntasir89', source='admin', password=<hidden>, mechanismProperties=<hidden>}, transportSettings=null, streamFactoryFactory=null, commandListeners=[], codecRegistry=ProvidersCodecRegistry{codecProviders=[ValueCodecProvider{}, BsonValueCodecProvider{}, DBRefCodecProvider{}, DBObjectCodecProvider{}, DocumentCodecProvider{}, CollectionCodecProvider{}, IterableCodecProvider{}, MapCodecProvider{}, GeoJsonCodecProvider{}, GridFSFileCodecProvider{}, Jsr310CodecProvider{}, JsonObjectCodecProvider{}, BsonCodecProvider{}, EnumCodecProvider{}, com.mongodb.client.model.mql.ExpressionCodecProvider@250a9031, com.mongodb.Jep395RecordCodecProvider@1665fa54, com.mongodb.KotlinCodecProvider@6d67f5eb]}, loggerSettings=LoggerSettings{maxDocumentLength=1000}, clusterSettings={hosts=[127.0.0.1:27017], srvHost=firstcluster.ioycdpr.mongodb.net, srvServiceName=mongodb, mode=MULTIPLE, requiredClusterType=REPLICA_SET, requiredReplicaSetName='atlas-hxmh4k-shard-0', serverSelector='null', clusterListeners='[]', serverSelectionTimeout='30000 ms', localThreshold='15 ms'}, socketSettings=SocketSettings{connectTimeoutMS=10000, readTimeoutMS=0, receiveBufferSize=0, proxySettings=ProxySettings{host=null, port=null, username=null, password=null}}, heartbeatSocketSettings=SocketSettings{connectTimeoutMS=10000, readTimeoutMS=10000, receiveBufferSize=0, proxySettings=ProxySettings{host=null, port=null, username=null, password=null}}, connectionPoolSettings=ConnectionPoolSettings{maxSize=100, minSize=0, maxWaitTimeMS=120000, maxConnectionLifeTimeMS=0, maxConnectionIdleTimeMS=0, maintenanceInitialDelayMS=0, maintenanceFrequencyMS=60000, connectionPoolListeners=[], maxConnecting=2}, serverSettings=ServerSettings{heartbeatFrequencyMS=10000, minHeartbeatFrequencyMS=500, serverListeners='[]', serverMonitorListeners='[]'}, sslSettings=SslSettings{enabled=true, invalidHostNameAllowed=false, context=null}, applicationName='null', compressorList=[], uuidRepresentation=JAVA_LEGACY, serverApi=null, autoEncryptionSettings=null, dnsClient=null, inetAddressResolver=null, contextProvider=null}
2023-12-11T02:16:52.236+06:00  INFO 9828 --- [dpr.mongodb.net] org.mongodb.driver.cluster               : Adding discovered server ac-k2zuamn-shard-00-01.ioycdpr.mongodb.net:27017 to client view of cluster
2023-12-11T02:16:52.263+06:00  INFO 9828 --- [dpr.mongodb.net] org.mongodb.driver.cluster               : Adding discovered server ac-k2zuamn-shard-00-00.ioycdpr.mongodb.net:27017 to client view of cluster
2023-12-11T02:16:52.265+06:00  INFO 9828 --- [dpr.mongodb.net] org.mongodb.driver.cluster               : Adding discovered server ac-k2zuamn-shard-00-02.ioycdpr.mongodb.net:27017 to client view of cluster
2023-12-11T02:16:53.103+06:00  INFO 9828 --- [ngodb.net:27017] org.mongodb.driver.cluster               : Monitor thread successfully connected to server with description ServerDescription{address=ac-k2zuamn-shard-00-02.ioycdpr.mongodb.net:27017, type=REPLICA_SET_SECONDARY, state=CONNECTED, ok=true, minWireVersion=0, maxWireVersion=17, maxDocumentSize=16777216, logicalSessionTimeoutMinutes=30, roundTripTimeNanos=520054400, setName='atlas-hxmh4k-shard-0', canonicalAddress=ac-k2zuamn-shard-00-02.ioycdpr.mongodb.net:27017, hosts=[ac-k2zuamn-shard-00-00.ioycdpr.mongodb.net:27017, ac-k2zuamn-shard-00-01.ioycdpr.mongodb.net:27017, ac-k2zuamn-shard-00-02.ioycdpr.mongodb.net:27017], passives=[], arbiters=[], primary='ac-k2zuamn-shard-00-01.ioycdpr.mongodb.net:27017', tagSet=TagSet{[Tag{name='availabilityZone', value='aps1-az2'}, Tag{name='nodeType', value='ELECTABLE'}, Tag{name='provider', value='AWS'}, Tag{name='region', value='AP_SOUTH_1'}, Tag{name='workloadType', value='OPERATIONAL'}]}, electionId=null, setVersion=5, topologyVersion=TopologyVersion{processId=656657fb169224dca284000d, counter=3}, lastWriteDate=Mon Dec 11 02:16:52 BDT 2023, lastUpdateTimeNanos=16371778725600}
2023-12-11T02:16:53.103+06:00  INFO 9828 --- [ngodb.net:27017] org.mongodb.driver.cluster               : Monitor thread successfully connected to server with description ServerDescription{address=ac-k2zuamn-shard-00-01.ioycdpr.mongodb.net:27017, type=REPLICA_SET_PRIMARY, state=CONNECTED, ok=true, minWireVersion=0, maxWireVersion=17, maxDocumentSize=16777216, logicalSessionTimeoutMinutes=30, roundTripTimeNanos=507873800, setName='atlas-hxmh4k-shard-0', canonicalAddress=ac-k2zuamn-shard-00-01.ioycdpr.mongodb.net:27017, hosts=[ac-k2zuamn-shard-00-00.ioycdpr.mongodb.net:27017, ac-k2zuamn-shard-00-01.ioycdpr.mongodb.net:27017, ac-k2zuamn-shard-00-02.ioycdpr.mongodb.net:27017], passives=[], arbiters=[], primary='ac-k2zuamn-shard-00-01.ioycdpr.mongodb.net:27017', tagSet=TagSet{[Tag{name='availabilityZone', value='aps1-az3'}, Tag{name='nodeType', value='ELECTABLE'}, Tag{name='provider', value='AWS'}, Tag{name='region', value='AP_SOUTH_1'}, Tag{name='workloadType', value='OPERATIONAL'}]}, electionId=7fffffff0000000000000194, setVersion=5, topologyVersion=TopologyVersion{processId=6566579617dd70a1f70b32df, counter=6}, lastWriteDate=Mon Dec 11 02:16:52 BDT 2023, lastUpdateTimeNanos=16371778471600}
2023-12-11T02:16:53.103+06:00  INFO 9828 --- [ngodb.net:27017] org.mongodb.driver.cluster               : Monitor thread successfully connected to server with description ServerDescription{address=ac-k2zuamn-shard-00-00.ioycdpr.mongodb.net:27017, type=REPLICA_SET_SECONDARY, state=CONNECTED, ok=true, minWireVersion=0, maxWireVersion=17, maxDocumentSize=16777216, logicalSessionTimeoutMinutes=30, roundTripTimeNanos=519836400, setName='atlas-hxmh4k-shard-0', canonicalAddress=ac-k2zuamn-shard-00-00.ioycdpr.mongodb.net:27017, hosts=[ac-k2zuamn-shard-00-00.ioycdpr.mongodb.net:27017, ac-k2zuamn-shard-00-01.ioycdpr.mongodb.net:27017, ac-k2zuamn-shard-00-02.ioycdpr.mongodb.net:27017], passives=[], arbiters=[], primary='ac-k2zuamn-shard-00-01.ioycdpr.mongodb.net:27017', tagSet=TagSet{[Tag{name='availabilityZone', value='aps1-az1'}, Tag{name='nodeType', value='ELECTABLE'}, Tag{name='provider', value='AWS'}, Tag{name='region', value='AP_SOUTH_1'}, Tag{name='workloadType', value='OPERATIONAL'}]}, electionId=null, setVersion=5, topologyVersion=TopologyVersion{processId=656657320ae9983f7a24f58f, counter=4}, lastWriteDate=Mon Dec 11 02:16:52 BDT 2023, lastUpdateTimeNanos=16371778471600}
2023-12-11T02:16:53.109+06:00  INFO 9828 --- [ngodb.net:27017] org.mongodb.driver.cluster               : Discovered replica set primary ac-k2zuamn-shard-00-01.ioycdpr.mongodb.net:27017 with max election id 7fffffff0000000000000194 and max set version 5
2023-12-11T02:16:53.159+06:00  INFO 9828 --- [           main] c.m.f.FinanceflowApiApplicationTests     : Started FinanceflowApiApplicationTests in 2.186 seconds (process running for 3.089)
]]></system-out>
    <system-err><![CDATA[WARNING: A Java agent has been loaded dynamically (C:\Users\user\.m2\repository\net\bytebuddy\byte-buddy-agent\1.14.10\byte-buddy-agent-1.14.10.jar)
WARNING: If a serviceability tool is in use, please run with -XX:+EnableDynamicAgentLoading to hide this warning
WARNING: If a serviceability tool is not in use, please run with -Djdk.instrument.traceUsage for more information
WARNING: Dynamic loading of agents will be disallowed by default in a future release
]]></system-err>
  </testcase>
</testsuite>